<?xml version="1.0" encoding="UTF-8"?>
<!-- Generated by org.testng.reporters.JUnitXMLReporter -->
<testsuite ignored="1" hostname="DESKTOP-0J9H01F" failures="0" tests="7" name="Surefire test" time="76.488" errors="0" timestamp="05 Jul 2023 20:59:06 GMT">
  <testcase classname="com.naveenautomationlabs.AutomationFramework.AppTest" name="test" time="1.313"/>
  <testcase classname="com.naveenautomationlabs.AutomationFramework.AppTest" name="validateTitle" time="0.022"/>
  <testcase classname="com.naveenautomationlabs.AutomationFramework.Tests.MyWishListTest" name="validateUnitPrice" time="3.802"/>
  <testcase classname="com.naveenautomationlabs.AutomationFramework.Tests.AccountLoginTest" name="validateLogin" time="2.622"/>
  <testcase classname="com.naveenautomationlabs.AutomationFramework.Tests.AccountLoginTest" name="validateLogin" time="2.472"/>
  <testcase classname="com.naveenautomationlabs.AutomationFramework.Tests.AccountLoginTest" name="validateLogin" time="2.756"/>
  <testcase classname="com.naveenautomationlabs.AutomationFramework.Tests.ShoppingCartTest" name="vaildateProductAvailability" time="22.371"/>
  <testcase classname="com.naveenautomationlabs.AutomationFramework.Tests.YourOrderHasBeenPlacedTest" name="vaildateOrderHasBeenPlaced" time="0.0">
    <ignored/>
  </testcase> <!-- vaildateOrderHasBeenPlaced -->
</testsuite> <!-- Surefire test -->
