<?xml version="1.0" encoding="UTF-8"?>
<!-- Generated by org.testng.reporters.JUnitXMLReporter -->
<testsuite ignored="1" hostname="DESKTOP-0J9H01F" failures="0" tests="1" name="Default test" time="8.753" errors="0" timestamp="2023-07-14T16:28:49 EDT">
  <testcase classname="com.naveenautomationlabs.AutomationFramework.Tests.YourStoreTest" name="validateAddToWishList" time="1.162"/>
  <testcase classname="com.naveenautomationlabs.AutomationFramework.Tests.YourStoreTest" name="validateSlider" time="0.0">
    <ignored/>
  </testcase> <!-- validateSlider -->
</testsuite> <!-- Default test -->
