<?xml version="1.0" encoding="UTF-8"?>
<!-- Generated by org.testng.reporters.JUnitXMLReporter -->
<testsuite ignored="0" hostname="DESKTOP-0J9H01F" failures="0" tests="9" name="Test" time="109.821" errors="0" timestamp="2023-07-14T16:34:23 EDT">
  <testcase classname="com.naveenautomationlabs.AutomationFramework.Tests.AccountLoginTest" name="validateLogin" time="2.677"/>
  <testcase classname="com.naveenautomationlabs.AutomationFramework.Tests.AccountLoginTest" name="validateLogin" time="2.568"/>
  <testcase classname="com.naveenautomationlabs.AutomationFramework.Tests.AccountLoginTest" name="validateLogin" time="2.334"/>
  <testcase classname="com.naveenautomationlabs.AutomationFramework.Tests.MyWishListTest" name="validateUnitPrice" time="3.928"/>
  <testcase classname="com.naveenautomationlabs.AutomationFramework.Tests.YourStoreTest" name="validateAddToWishList" time="0.984"/>
  <testcase classname="com.naveenautomationlabs.AutomationFramework.Tests.YourStoreTest" name="validateSlider" time="16.568"/>
  <testcase classname="com.naveenautomationlabs.AutomationFramework.Tests.MacbookTest" name="validateProductsMenu" time="16.903"/>
  <testcase classname="com.naveenautomationlabs.AutomationFramework.Tests.MyAccountTest" name="validateSideNavigationMenu" time="5.292"/>
  <testcase classname="com.naveenautomationlabs.AutomationFramework.Tests.RegisterAccountTest" name="validateRegisterUsingSameEmail" time="4.553"/>
</testsuite> <!-- Test -->
