<?xml version="1.0" encoding="UTF-8"?>
<testng-results ignored="0" total="4" passed="4" failed="0" skipped="0">
  <reporter-output>
  </reporter-output>
  <suite started-at="2023-07-09T21:15:11 EDT" name="Surefire suite" finished-at="2023-07-09T21:15:49 EDT" duration-ms="38135">
    <groups>
    </groups>
    <test started-at="2023-07-09T21:15:11 EDT" name="Surefire test" finished-at="2023-07-09T21:15:49 EDT" duration-ms="38135">
      <class name="com.naveenautomationlabs.AutomationFramework.Tests.MyWishListTest">
        <test-method is-config="true" signature="setUpLogger()[pri:0, instance:com.naveenautomationlabs.AutomationFramework.Tests.MyWishListTest@7d20d0b]" started-at="2023-07-09T21:15:39 EDT" name="setUpLogger" finished-at="2023-07-09T21:15:39 EDT" duration-ms="11" status="PASS">
          <reporter-output>
          </reporter-output>
        </test-method> <!-- setUpLogger -->
        <test-method is-config="true" signature="setup()[pri:0, instance:com.naveenautomationlabs.AutomationFramework.Tests.MyWishListTest@7d20d0b]" started-at="2023-07-09T21:15:39 EDT" name="setup" finished-at="2023-07-09T21:15:44 EDT" duration-ms="5361" status="PASS">
          <reporter-output>
          </reporter-output>
        </test-method> <!-- setup -->
        <test-method signature="validateUnitPrice()[pri:0, instance:com.naveenautomationlabs.AutomationFramework.Tests.MyWishListTest@7d20d0b]" started-at="2023-07-09T21:15:44 EDT" name="validateUnitPrice" finished-at="2023-07-09T21:15:49 EDT" duration-ms="4491" status="PASS">
          <reporter-output>
          </reporter-output>
        </test-method> <!-- validateUnitPrice -->
        <test-method is-config="true" signature="quit()[pri:0, instance:com.naveenautomationlabs.AutomationFramework.Tests.MyWishListTest@7d20d0b]" started-at="2023-07-09T21:15:49 EDT" name="quit" finished-at="2023-07-09T21:15:49 EDT" duration-ms="422" status="PASS">
          <reporter-output>
          </reporter-output>
        </test-method> <!-- quit -->
      </class> <!-- com.naveenautomationlabs.AutomationFramework.Tests.MyWishListTest -->
      <class name="com.naveenautomationlabs.AutomationFramework.Tests.AccountLoginTest">
        <test-method is-config="true" signature="setUpLogger()[pri:0, instance:com.naveenautomationlabs.AutomationFramework.Tests.AccountLoginTest@7817fd62]" started-at="2023-07-09T21:15:11 EDT" name="setUpLogger" finished-at="2023-07-09T21:15:11 EDT" duration-ms="162" status="PASS">
          <reporter-output>
          </reporter-output>
        </test-method> <!-- setUpLogger -->
        <test-method is-config="true" signature="setup()[pri:0, instance:com.naveenautomationlabs.AutomationFramework.Tests.AccountLoginTest@7817fd62]" started-at="2023-07-09T21:15:12 EDT" name="setup" finished-at="2023-07-09T21:15:19 EDT" duration-ms="7152" status="PASS">
          <reporter-output>
          </reporter-output>
        </test-method> <!-- setup -->
        <test-method signature="validateLogin(java.lang.String,java.lang.String)[pri:0, instance:com.naveenautomationlabs.AutomationFramework.Tests.AccountLoginTest@7817fd62]" started-at="2023-07-09T21:15:19 EDT" name="validateLogin" data-provider="login_data" finished-at="2023-07-09T21:15:22 EDT" duration-ms="2894" status="PASS">
          <params>
            <param index="0">
              <value>
                <![CDATA[tony@gmail.com]]>
              </value>
            </param>
            <param index="1">
              <value>
                <![CDATA[Password2]]>
              </value>
            </param>
          </params>
          <reporter-output>
          </reporter-output>
        </test-method> <!-- validateLogin -->
        <test-method is-config="true" signature="quit()[pri:0, instance:com.naveenautomationlabs.AutomationFramework.Tests.AccountLoginTest@7817fd62]" started-at="2023-07-09T21:15:22 EDT" name="quit" finished-at="2023-07-09T21:15:23 EDT" duration-ms="380" status="PASS">
          <reporter-output>
          </reporter-output>
        </test-method> <!-- quit -->
        <test-method is-config="true" signature="setup()[pri:0, instance:com.naveenautomationlabs.AutomationFramework.Tests.AccountLoginTest@7817fd62]" started-at="2023-07-09T21:15:23 EDT" name="setup" finished-at="2023-07-09T21:15:28 EDT" duration-ms="5082" status="PASS">
          <reporter-output>
          </reporter-output>
        </test-method> <!-- setup -->
        <test-method signature="validateLogin(java.lang.String,java.lang.String)[pri:0, instance:com.naveenautomationlabs.AutomationFramework.Tests.AccountLoginTest@7817fd62]" started-at="2023-07-09T21:15:28 EDT" name="validateLogin" data-provider="login_data" finished-at="2023-07-09T21:15:30 EDT" duration-ms="2104" status="PASS">
          <params>
            <param index="0">
              <value>
                <![CDATA[ryan@gmail.com]]>
              </value>
            </param>
            <param index="1">
              <value>
                <![CDATA[ChangePass1]]>
              </value>
            </param>
          </params>
          <reporter-output>
          </reporter-output>
        </test-method> <!-- validateLogin -->
        <test-method is-config="true" signature="quit()[pri:0, instance:com.naveenautomationlabs.AutomationFramework.Tests.AccountLoginTest@7817fd62]" started-at="2023-07-09T21:15:30 EDT" name="quit" finished-at="2023-07-09T21:15:30 EDT" duration-ms="459" status="PASS">
          <reporter-output>
          </reporter-output>
        </test-method> <!-- quit -->
        <test-method is-config="true" signature="setup()[pri:0, instance:com.naveenautomationlabs.AutomationFramework.Tests.AccountLoginTest@7817fd62]" started-at="2023-07-09T21:15:30 EDT" name="setup" finished-at="2023-07-09T21:15:36 EDT" duration-ms="5661" status="PASS">
          <reporter-output>
          </reporter-output>
        </test-method> <!-- setup -->
        <test-method signature="validateLogin(java.lang.String,java.lang.String)[pri:0, instance:com.naveenautomationlabs.AutomationFramework.Tests.AccountLoginTest@7817fd62]" started-at="2023-07-09T21:15:36 EDT" name="validateLogin" data-provider="login_data" finished-at="2023-07-09T21:15:38 EDT" duration-ms="2431" status="PASS">
          <params>
            <param index="0">
              <value>
                <![CDATA[stevetom2@email.com]]>
              </value>
            </param>
            <param index="1">
              <value>
                <![CDATA[Tomsteve2]]>
              </value>
            </param>
          </params>
          <reporter-output>
          </reporter-output>
        </test-method> <!-- validateLogin -->
        <test-method is-config="true" signature="quit()[pri:0, instance:com.naveenautomationlabs.AutomationFramework.Tests.AccountLoginTest@7817fd62]" started-at="2023-07-09T21:15:38 EDT" name="quit" finished-at="2023-07-09T21:15:39 EDT" duration-ms="289" status="PASS">
          <reporter-output>
          </reporter-output>
        </test-method> <!-- quit -->
      </class> <!-- com.naveenautomationlabs.AutomationFramework.Tests.AccountLoginTest -->
    </test> <!-- Surefire test -->
  </suite> <!-- Surefire suite -->
</testng-results>
