<?xml version="1.0" encoding="UTF-8"?>
<testng-results retried="2" ignored="0" total="13" passed="9" failed="2" skipped="0">
  <reporter-output>
  </reporter-output>
  <suite started-at="2023-07-15T17:45:07 EDT" name="Suite" finished-at="2023-07-15T17:48:51 EDT" duration-ms="223687">
    <groups>
    </groups>
    <test started-at="2023-07-15T17:45:07 EDT" name="Test" finished-at="2023-07-15T17:48:51 EDT" duration-ms="223687">
      <class name="com.naveenautomationlabs.AutomationFramework.Tests.MyWishListTest">
        <test-method is-config="true" signature="setUpLogger()[pri:0, instance:com.naveenautomationlabs.AutomationFramework.Tests.MyWishListTest@1de76cc7]" started-at="2023-07-15T17:46:32 EDT" name="setUpLogger" finished-at="2023-07-15T17:46:32 EDT" duration-ms="15" status="PASS">
          <reporter-output>
          </reporter-output>
        </test-method> <!-- setUpLogger -->
        <test-method is-config="true" signature="setup()[pri:0, instance:com.naveenautomationlabs.AutomationFramework.Tests.MyWishListTest@1de76cc7]" started-at="2023-07-15T17:46:32 EDT" name="setup" finished-at="2023-07-15T17:46:37 EDT" duration-ms="5047" status="PASS">
          <reporter-output>
          </reporter-output>
        </test-method> <!-- setup -->
        <test-method signature="validateUnitPrice()[pri:0, instance:com.naveenautomationlabs.AutomationFramework.Tests.MyWishListTest@1de76cc7]" started-at="2023-07-15T17:46:37 EDT" name="validateUnitPrice" finished-at="2023-07-15T17:46:41 EDT" duration-ms="4313" status="PASS">
          <reporter-output>
          </reporter-output>
        </test-method> <!-- validateUnitPrice -->
        <test-method is-config="true" signature="quit()[pri:0, instance:com.naveenautomationlabs.AutomationFramework.Tests.MyWishListTest@1de76cc7]" started-at="2023-07-15T17:46:41 EDT" name="quit" finished-at="2023-07-15T17:46:41 EDT" duration-ms="377" status="PASS">
          <reporter-output>
          </reporter-output>
        </test-method> <!-- quit -->
      </class> <!-- com.naveenautomationlabs.AutomationFramework.Tests.MyWishListTest -->
      <class name="com.naveenautomationlabs.AutomationFramework.Tests.MacbookTest">
        <test-method is-config="true" signature="setUpLogger()[pri:0, instance:com.naveenautomationlabs.AutomationFramework.Tests.MacbookTest@5a56cdac]" started-at="2023-07-15T17:48:09 EDT" name="setUpLogger" finished-at="2023-07-15T17:48:09 EDT" duration-ms="10" status="PASS">
          <reporter-output>
          </reporter-output>
        </test-method> <!-- setUpLogger -->
        <test-method is-config="true" signature="setUp()[pri:0, instance:com.naveenautomationlabs.AutomationFramework.Tests.MacbookTest@5a56cdac]" started-at="2023-07-15T17:48:09 EDT" name="setUp" finished-at="2023-07-15T17:48:14 EDT" duration-ms="5040" status="PASS">
          <reporter-output>
          </reporter-output>
        </test-method> <!-- setUp -->
        <test-method signature="validateProductsMenu()[pri:0, instance:com.naveenautomationlabs.AutomationFramework.Tests.MacbookTest@5a56cdac]" started-at="2023-07-15T17:48:14 EDT" name="validateProductsMenu" finished-at="2023-07-15T17:48:31 EDT" duration-ms="16796" status="PASS">
          <reporter-output>
          </reporter-output>
        </test-method> <!-- validateProductsMenu -->
        <test-method is-config="true" signature="quit()[pri:0, instance:com.naveenautomationlabs.AutomationFramework.Tests.MacbookTest@5a56cdac]" started-at="2023-07-15T17:48:31 EDT" name="quit" finished-at="2023-07-15T17:48:31 EDT" duration-ms="363" status="PASS">
          <reporter-output>
          </reporter-output>
        </test-method> <!-- quit -->
      </class> <!-- com.naveenautomationlabs.AutomationFramework.Tests.MacbookTest -->
      <class name="com.naveenautomationlabs.AutomationFramework.Tests.ShoppingCartTest">
        <test-method is-config="true" signature="setUpLogger()[pri:0, instance:com.naveenautomationlabs.AutomationFramework.Tests.ShoppingCartTest@54bff557]" started-at="2023-07-15T17:46:41 EDT" name="setUpLogger" finished-at="2023-07-15T17:46:41 EDT" duration-ms="8" status="PASS">
          <reporter-output>
          </reporter-output>
        </test-method> <!-- setUpLogger -->
        <test-method is-config="true" signature="setup()[pri:0, instance:com.naveenautomationlabs.AutomationFramework.Tests.ShoppingCartTest@54bff557]" started-at="2023-07-15T17:46:41 EDT" name="setup" finished-at="2023-07-15T17:46:47 EDT" duration-ms="5408" status="PASS">
          <reporter-output>
          </reporter-output>
        </test-method> <!-- setup -->
        <test-method retried="true" signature="vaildateProductAvailability()[pri:0, instance:com.naveenautomationlabs.AutomationFramework.Tests.ShoppingCartTest@54bff557]" started-at="2023-07-15T17:46:47 EDT" name="vaildateProductAvailability" finished-at="2023-07-15T17:47:10 EDT" duration-ms="23404" status="SKIP">
          <exception class="org.openqa.selenium.TimeoutException">
            <message>
              <![CDATA[Expected condition failed: waiting for alert to be present (tried for 15 second(s) with 500 milliseconds interval)
Build info: version: '3.141.59', revision: 'e82be7d358', time: '2018-11-14T08:17:03'
System info: host: 'DESKTOP-0J9H01F', ip: '10.0.0.3', os.name: 'Windows 11', os.arch: 'amd64', os.version: '10.0', java.version: '11.0.16'
Driver info: org.openqa.selenium.support.events.EventFiringWebDriver
Capabilities {acceptInsecureCerts: false, browserName: chrome, browserVersion: 114.0.5735.199, chrome: {chromedriverVersion: 114.0.5735.90 (386bc09e8f4f..., userDataDir: C:\Users\me\AppData\Local\T...}, goog:chromeOptions: {debuggerAddress: localhost:56510}, javascriptEnabled: true, networkConnectionEnabled: false, pageLoadStrategy: normal, platform: WINDOWS, platformName: WINDOWS, proxy: Proxy(), setWindowRect: true, strictFileInteractability: false, timeouts: {implicit: 0, pageLoad: 300000, script: 30000}, unhandledPromptBehavior: dismiss and notify, webauthn:extension:credBlob: true, webauthn:extension:largeBlob: true, webauthn:extension:minPinLength: true, webauthn:extension:prf: true, webauthn:virtualAuthenticators: true}
Session ID: 9c2061b7cc30fce1df024b0f0d2f10e4]]>
            </message>
            <full-stacktrace>
              <![CDATA[org.openqa.selenium.TimeoutException: Expected condition failed: waiting for alert to be present (tried for 15 second(s) with 500 milliseconds interval)
Build info: version: '3.141.59', revision: 'e82be7d358', time: '2018-11-14T08:17:03'
System info: host: 'DESKTOP-0J9H01F', ip: '10.0.0.3', os.name: 'Windows 11', os.arch: 'amd64', os.version: '10.0', java.version: '11.0.16'
Driver info: org.openqa.selenium.support.events.EventFiringWebDriver
Capabilities {acceptInsecureCerts: false, browserName: chrome, browserVersion: 114.0.5735.199, chrome: {chromedriverVersion: 114.0.5735.90 (386bc09e8f4f..., userDataDir: C:\Users\me\AppData\Local\T...}, goog:chromeOptions: {debuggerAddress: localhost:56510}, javascriptEnabled: true, networkConnectionEnabled: false, pageLoadStrategy: normal, platform: WINDOWS, platformName: WINDOWS, proxy: Proxy(), setWindowRect: true, strictFileInteractability: false, timeouts: {implicit: 0, pageLoad: 300000, script: 30000}, unhandledPromptBehavior: dismiss and notify, webauthn:extension:credBlob: true, webauthn:extension:largeBlob: true, webauthn:extension:minPinLength: true, webauthn:extension:prf: true, webauthn:virtualAuthenticators: true}
Session ID: 9c2061b7cc30fce1df024b0f0d2f10e4
at org.openqa.selenium.support.ui.WebDriverWait.timeoutException(WebDriverWait.java:95)
at org.openqa.selenium.support.ui.FluentWait.until(FluentWait.java:272)
at com.naveenautomationlabs.AutomationFramework.Pages.AppleCinema30.clickUploadFileBtn(AppleCinema30.java:87)
at com.naveenautomationlabs.AutomationFramework.Pages.AppleCinema30.addItemToShoppingCart(AppleCinema30.java:119)
at com.naveenautomationlabs.AutomationFramework.Tests.ShoppingCartTest.vaildateProductAvailability(ShoppingCartTest.java:34)
at java.base/jdk.internal.reflect.NativeMethodAccessorImpl.invoke0(Native Method)
at java.base/jdk.internal.reflect.NativeMethodAccessorImpl.invoke(NativeMethodAccessorImpl.java:62)
at java.base/jdk.internal.reflect.DelegatingMethodAccessorImpl.invoke(DelegatingMethodAccessorImpl.java:43)
at java.base/java.lang.reflect.Method.invoke(Method.java:566)
at org.testng.internal.MethodInvocationHelper.invokeMethod(MethodInvocationHelper.java:133)
at org.testng.internal.TestInvoker.invokeMethod(TestInvoker.java:598)
at org.testng.internal.TestInvoker.invokeTestMethod(TestInvoker.java:173)
at org.testng.internal.MethodRunner.runInSequence(MethodRunner.java:46)
at org.testng.internal.TestInvoker$MethodInvocationAgent.invoke(TestInvoker.java:824)
at org.testng.internal.TestInvoker.invokeTestMethods(TestInvoker.java:146)
at org.testng.internal.TestMethodWorker.invokeTestMethods(TestMethodWorker.java:146)
at org.testng.internal.TestMethodWorker.run(TestMethodWorker.java:128)
at java.base/java.util.ArrayList.forEach(ArrayList.java:1541)
at org.testng.TestRunner.privateRun(TestRunner.java:794)
at org.testng.TestRunner.run(TestRunner.java:596)
at org.testng.SuiteRunner.runTest(SuiteRunner.java:377)
at org.testng.SuiteRunner.runSequentially(SuiteRunner.java:371)
at org.testng.SuiteRunner.privateRun(SuiteRunner.java:332)
at org.testng.SuiteRunner.run(SuiteRunner.java:276)
at org.testng.SuiteRunnerWorker.runSuite(SuiteRunnerWorker.java:53)
at org.testng.SuiteRunnerWorker.run(SuiteRunnerWorker.java:96)
at org.testng.TestNG.runSuitesSequentially(TestNG.java:1212)
at org.testng.TestNG.runSuitesLocally(TestNG.java:1134)
at org.testng.TestNG.runSuites(TestNG.java:1063)
at org.testng.TestNG.run(TestNG.java:1031)
at org.testng.remote.AbstractRemoteTestNG.run(AbstractRemoteTestNG.java:115)
at org.testng.remote.RemoteTestNG.initAndRun(RemoteTestNG.java:251)
at org.testng.remote.RemoteTestNG.main(RemoteTestNG.java:77)
]]>
            </full-stacktrace>
          </exception> <!-- org.openqa.selenium.TimeoutException -->
          <reporter-output>
          </reporter-output>
        </test-method> <!-- vaildateProductAvailability -->
        <test-method is-config="true" signature="quit()[pri:0, instance:com.naveenautomationlabs.AutomationFramework.Tests.ShoppingCartTest@54bff557]" started-at="2023-07-15T17:47:10 EDT" name="quit" finished-at="2023-07-15T17:47:11 EDT" duration-ms="402" status="PASS">
          <reporter-output>
          </reporter-output>
        </test-method> <!-- quit -->
        <test-method is-config="true" signature="setup()[pri:0, instance:com.naveenautomationlabs.AutomationFramework.Tests.ShoppingCartTest@54bff557]" started-at="2023-07-15T17:47:11 EDT" name="setup" finished-at="2023-07-15T17:47:15 EDT" duration-ms="4913" status="PASS">
          <reporter-output>
          </reporter-output>
        </test-method> <!-- setup -->
        <test-method signature="vaildateProductAvailability()[pri:0, instance:com.naveenautomationlabs.AutomationFramework.Tests.ShoppingCartTest@54bff557]" started-at="2023-07-15T17:47:15 EDT" name="vaildateProductAvailability" finished-at="2023-07-15T17:47:39 EDT" duration-ms="23151" status="FAIL">
          <exception class="org.openqa.selenium.TimeoutException">
            <message>
              <![CDATA[Expected condition failed: waiting for alert to be present (tried for 15 second(s) with 500 milliseconds interval)
Build info: version: '3.141.59', revision: 'e82be7d358', time: '2018-11-14T08:17:03'
System info: host: 'DESKTOP-0J9H01F', ip: '10.0.0.3', os.name: 'Windows 11', os.arch: 'amd64', os.version: '10.0', java.version: '11.0.16'
Driver info: org.openqa.selenium.support.events.EventFiringWebDriver
Capabilities {acceptInsecureCerts: false, browserName: chrome, browserVersion: 114.0.5735.199, chrome: {chromedriverVersion: 114.0.5735.90 (386bc09e8f4f..., userDataDir: C:\Users\me\AppData\Local\T...}, goog:chromeOptions: {debuggerAddress: localhost:56558}, javascriptEnabled: true, networkConnectionEnabled: false, pageLoadStrategy: normal, platform: WINDOWS, platformName: WINDOWS, proxy: Proxy(), setWindowRect: true, strictFileInteractability: false, timeouts: {implicit: 0, pageLoad: 300000, script: 30000}, unhandledPromptBehavior: dismiss and notify, webauthn:extension:credBlob: true, webauthn:extension:largeBlob: true, webauthn:extension:minPinLength: true, webauthn:extension:prf: true, webauthn:virtualAuthenticators: true}
Session ID: f3cbc1750ba2f1a26b8d8782e6487aab]]>
            </message>
            <full-stacktrace>
              <![CDATA[org.openqa.selenium.TimeoutException: Expected condition failed: waiting for alert to be present (tried for 15 second(s) with 500 milliseconds interval)
Build info: version: '3.141.59', revision: 'e82be7d358', time: '2018-11-14T08:17:03'
System info: host: 'DESKTOP-0J9H01F', ip: '10.0.0.3', os.name: 'Windows 11', os.arch: 'amd64', os.version: '10.0', java.version: '11.0.16'
Driver info: org.openqa.selenium.support.events.EventFiringWebDriver
Capabilities {acceptInsecureCerts: false, browserName: chrome, browserVersion: 114.0.5735.199, chrome: {chromedriverVersion: 114.0.5735.90 (386bc09e8f4f..., userDataDir: C:\Users\me\AppData\Local\T...}, goog:chromeOptions: {debuggerAddress: localhost:56558}, javascriptEnabled: true, networkConnectionEnabled: false, pageLoadStrategy: normal, platform: WINDOWS, platformName: WINDOWS, proxy: Proxy(), setWindowRect: true, strictFileInteractability: false, timeouts: {implicit: 0, pageLoad: 300000, script: 30000}, unhandledPromptBehavior: dismiss and notify, webauthn:extension:credBlob: true, webauthn:extension:largeBlob: true, webauthn:extension:minPinLength: true, webauthn:extension:prf: true, webauthn:virtualAuthenticators: true}
Session ID: f3cbc1750ba2f1a26b8d8782e6487aab
at org.openqa.selenium.support.ui.WebDriverWait.timeoutException(WebDriverWait.java:95)
at org.openqa.selenium.support.ui.FluentWait.until(FluentWait.java:272)
at com.naveenautomationlabs.AutomationFramework.Pages.AppleCinema30.clickUploadFileBtn(AppleCinema30.java:87)
at com.naveenautomationlabs.AutomationFramework.Pages.AppleCinema30.addItemToShoppingCart(AppleCinema30.java:119)
at com.naveenautomationlabs.AutomationFramework.Tests.ShoppingCartTest.vaildateProductAvailability(ShoppingCartTest.java:34)
at java.base/jdk.internal.reflect.NativeMethodAccessorImpl.invoke0(Native Method)
at java.base/jdk.internal.reflect.NativeMethodAccessorImpl.invoke(NativeMethodAccessorImpl.java:62)
at java.base/jdk.internal.reflect.DelegatingMethodAccessorImpl.invoke(DelegatingMethodAccessorImpl.java:43)
at java.base/java.lang.reflect.Method.invoke(Method.java:566)
at org.testng.internal.MethodInvocationHelper.invokeMethod(MethodInvocationHelper.java:133)
at org.testng.internal.TestInvoker.invokeMethod(TestInvoker.java:598)
at org.testng.internal.TestInvoker.retryFailed(TestInvoker.java:213)
at org.testng.internal.MethodRunner.runInSequence(MethodRunner.java:58)
at org.testng.internal.TestInvoker$MethodInvocationAgent.invoke(TestInvoker.java:824)
at org.testng.internal.TestInvoker.invokeTestMethods(TestInvoker.java:146)
at org.testng.internal.TestMethodWorker.invokeTestMethods(TestMethodWorker.java:146)
at org.testng.internal.TestMethodWorker.run(TestMethodWorker.java:128)
at java.base/java.util.ArrayList.forEach(ArrayList.java:1541)
at org.testng.TestRunner.privateRun(TestRunner.java:794)
at org.testng.TestRunner.run(TestRunner.java:596)
at org.testng.SuiteRunner.runTest(SuiteRunner.java:377)
at org.testng.SuiteRunner.runSequentially(SuiteRunner.java:371)
at org.testng.SuiteRunner.privateRun(SuiteRunner.java:332)
at org.testng.SuiteRunner.run(SuiteRunner.java:276)
at org.testng.SuiteRunnerWorker.runSuite(SuiteRunnerWorker.java:53)
at org.testng.SuiteRunnerWorker.run(SuiteRunnerWorker.java:96)
at org.testng.TestNG.runSuitesSequentially(TestNG.java:1212)
at org.testng.TestNG.runSuitesLocally(TestNG.java:1134)
at org.testng.TestNG.runSuites(TestNG.java:1063)
at org.testng.TestNG.run(TestNG.java:1031)
at org.testng.remote.AbstractRemoteTestNG.run(AbstractRemoteTestNG.java:115)
at org.testng.remote.RemoteTestNG.initAndRun(RemoteTestNG.java:251)
at org.testng.remote.RemoteTestNG.main(RemoteTestNG.java:77)
]]>
            </full-stacktrace>
          </exception> <!-- org.openqa.selenium.TimeoutException -->
          <reporter-output>
          </reporter-output>
        </test-method> <!-- vaildateProductAvailability -->
        <test-method is-config="true" signature="quit()[pri:0, instance:com.naveenautomationlabs.AutomationFramework.Tests.ShoppingCartTest@54bff557]" started-at="2023-07-15T17:47:39 EDT" name="quit" finished-at="2023-07-15T17:47:39 EDT" duration-ms="381" status="PASS">
          <reporter-output>
          </reporter-output>
        </test-method> <!-- quit -->
      </class> <!-- com.naveenautomationlabs.AutomationFramework.Tests.ShoppingCartTest -->
      <class name="com.naveenautomationlabs.AutomationFramework.Tests.RegisterAccountTest">
        <test-method is-config="true" signature="setUpLogger()[pri:0, instance:com.naveenautomationlabs.AutomationFramework.Tests.RegisterAccountTest@37d4349f]" started-at="2023-07-15T17:48:41 EDT" name="setUpLogger" finished-at="2023-07-15T17:48:42 EDT" duration-ms="10" status="PASS">
          <reporter-output>
          </reporter-output>
        </test-method> <!-- setUpLogger -->
        <test-method is-config="true" signature="setUp()[pri:0, instance:com.naveenautomationlabs.AutomationFramework.Tests.RegisterAccountTest@37d4349f]" started-at="2023-07-15T17:48:42 EDT" name="setUp" finished-at="2023-07-15T17:48:47 EDT" duration-ms="5134" status="PASS">
          <reporter-output>
          </reporter-output>
        </test-method> <!-- setUp -->
        <test-method signature="validateRegisterUsingSameEmail()[pri:0, instance:com.naveenautomationlabs.AutomationFramework.Tests.RegisterAccountTest@37d4349f]" started-at="2023-07-15T17:48:47 EDT" name="validateRegisterUsingSameEmail" finished-at="2023-07-15T17:48:50 EDT" duration-ms="3783" status="PASS">
          <reporter-output>
          </reporter-output>
        </test-method> <!-- validateRegisterUsingSameEmail -->
        <test-method is-config="true" signature="quit()[pri:0, instance:com.naveenautomationlabs.AutomationFramework.Tests.RegisterAccountTest@37d4349f]" started-at="2023-07-15T17:48:50 EDT" name="quit" finished-at="2023-07-15T17:48:51 EDT" duration-ms="346" status="PASS">
          <reporter-output>
          </reporter-output>
        </test-method> <!-- quit -->
      </class> <!-- com.naveenautomationlabs.AutomationFramework.Tests.RegisterAccountTest -->
      <class name="com.naveenautomationlabs.AutomationFramework.Tests.AccountLoginTest">
        <test-method is-config="true" signature="setUpLogger()[pri:0, instance:com.naveenautomationlabs.AutomationFramework.Tests.AccountLoginTest@485966cc]" started-at="2023-07-15T17:46:06 EDT" name="setUpLogger" finished-at="2023-07-15T17:46:06 EDT" duration-ms="12" status="PASS">
          <reporter-output>
          </reporter-output>
        </test-method> <!-- setUpLogger -->
        <test-method is-config="true" signature="setup()[pri:0, instance:com.naveenautomationlabs.AutomationFramework.Tests.AccountLoginTest@485966cc]" started-at="2023-07-15T17:46:07 EDT" name="setup" finished-at="2023-07-15T17:46:12 EDT" duration-ms="5100" status="PASS">
          <reporter-output>
          </reporter-output>
        </test-method> <!-- setup -->
        <test-method signature="validateLogin(java.lang.String,java.lang.String)[pri:0, instance:com.naveenautomationlabs.AutomationFramework.Tests.AccountLoginTest@485966cc]" started-at="2023-07-15T17:46:12 EDT" name="validateLogin" data-provider="login_data" finished-at="2023-07-15T17:46:15 EDT" duration-ms="2820" status="PASS">
          <params>
            <param index="0">
              <value>
                <![CDATA[tony@gmail.com]]>
              </value>
            </param>
            <param index="1">
              <value>
                <![CDATA[Password2]]>
              </value>
            </param>
          </params>
          <reporter-output>
          </reporter-output>
        </test-method> <!-- validateLogin -->
        <test-method is-config="true" signature="quit()[pri:0, instance:com.naveenautomationlabs.AutomationFramework.Tests.AccountLoginTest@485966cc]" started-at="2023-07-15T17:46:15 EDT" name="quit" finished-at="2023-07-15T17:46:16 EDT" duration-ms="503" status="PASS">
          <reporter-output>
          </reporter-output>
        </test-method> <!-- quit -->
        <test-method is-config="true" signature="setup()[pri:0, instance:com.naveenautomationlabs.AutomationFramework.Tests.AccountLoginTest@485966cc]" started-at="2023-07-15T17:46:16 EDT" name="setup" finished-at="2023-07-15T17:46:21 EDT" duration-ms="5329" status="PASS">
          <reporter-output>
          </reporter-output>
        </test-method> <!-- setup -->
        <test-method signature="validateLogin(java.lang.String,java.lang.String)[pri:0, instance:com.naveenautomationlabs.AutomationFramework.Tests.AccountLoginTest@485966cc]" started-at="2023-07-15T17:46:21 EDT" name="validateLogin" data-provider="login_data" finished-at="2023-07-15T17:46:23 EDT" duration-ms="2388" status="PASS">
          <params>
            <param index="0">
              <value>
                <![CDATA[ryan@gmail.com]]>
              </value>
            </param>
            <param index="1">
              <value>
                <![CDATA[ChangePass1]]>
              </value>
            </param>
          </params>
          <reporter-output>
          </reporter-output>
        </test-method> <!-- validateLogin -->
        <test-method is-config="true" signature="quit()[pri:0, instance:com.naveenautomationlabs.AutomationFramework.Tests.AccountLoginTest@485966cc]" started-at="2023-07-15T17:46:23 EDT" name="quit" finished-at="2023-07-15T17:46:24 EDT" duration-ms="320" status="PASS">
          <reporter-output>
          </reporter-output>
        </test-method> <!-- quit -->
        <test-method is-config="true" signature="setup()[pri:0, instance:com.naveenautomationlabs.AutomationFramework.Tests.AccountLoginTest@485966cc]" started-at="2023-07-15T17:46:24 EDT" name="setup" finished-at="2023-07-15T17:46:29 EDT" duration-ms="5131" status="PASS">
          <reporter-output>
          </reporter-output>
        </test-method> <!-- setup -->
        <test-method signature="validateLogin(java.lang.String,java.lang.String)[pri:0, instance:com.naveenautomationlabs.AutomationFramework.Tests.AccountLoginTest@485966cc]" started-at="2023-07-15T17:46:29 EDT" name="validateLogin" data-provider="login_data" finished-at="2023-07-15T17:46:31 EDT" duration-ms="2320" status="PASS">
          <params>
            <param index="0">
              <value>
                <![CDATA[stevetom2@email.com]]>
              </value>
            </param>
            <param index="1">
              <value>
                <![CDATA[Tomsteve2]]>
              </value>
            </param>
          </params>
          <reporter-output>
          </reporter-output>
        </test-method> <!-- validateLogin -->
        <test-method is-config="true" signature="quit()[pri:0, instance:com.naveenautomationlabs.AutomationFramework.Tests.AccountLoginTest@485966cc]" started-at="2023-07-15T17:46:31 EDT" name="quit" finished-at="2023-07-15T17:46:32 EDT" duration-ms="369" status="PASS">
          <reporter-output>
          </reporter-output>
        </test-method> <!-- quit -->
      </class> <!-- com.naveenautomationlabs.AutomationFramework.Tests.AccountLoginTest -->
      <class name="com.naveenautomationlabs.AutomationFramework.Tests.YourStoreTest">
        <test-method is-config="true" signature="setUpLogger()[pri:0, instance:com.naveenautomationlabs.AutomationFramework.Tests.YourStoreTest@593aaf41]" started-at="2023-07-15T17:47:39 EDT" name="setUpLogger" finished-at="2023-07-15T17:47:39 EDT" duration-ms="2" status="PASS">
          <reporter-output>
          </reporter-output>
        </test-method> <!-- setUpLogger -->
        <test-method is-config="true" signature="setUp()[pri:0, instance:com.naveenautomationlabs.AutomationFramework.Tests.YourStoreTest@593aaf41]" started-at="2023-07-15T17:47:39 EDT" name="setUp" finished-at="2023-07-15T17:47:44 EDT" duration-ms="5030" status="PASS">
          <reporter-output>
          </reporter-output>
        </test-method> <!-- setUp -->
        <test-method signature="validateAddToWishList()[pri:0, instance:com.naveenautomationlabs.AutomationFramework.Tests.YourStoreTest@593aaf41]" started-at="2023-07-15T17:47:44 EDT" name="validateAddToWishList" finished-at="2023-07-15T17:47:46 EDT" duration-ms="1415" status="PASS">
          <reporter-output>
          </reporter-output>
        </test-method> <!-- validateAddToWishList -->
        <test-method is-config="true" signature="quit()[pri:0, instance:com.naveenautomationlabs.AutomationFramework.Tests.YourStoreTest@593aaf41]" started-at="2023-07-15T17:47:46 EDT" name="quit" finished-at="2023-07-15T17:47:46 EDT" duration-ms="417" status="PASS">
          <reporter-output>
          </reporter-output>
        </test-method> <!-- quit -->
        <test-method is-config="true" signature="setUp()[pri:0, instance:com.naveenautomationlabs.AutomationFramework.Tests.YourStoreTest@593aaf41]" started-at="2023-07-15T17:47:46 EDT" name="setUp" finished-at="2023-07-15T17:47:52 EDT" duration-ms="5609" status="PASS">
          <reporter-output>
          </reporter-output>
        </test-method> <!-- setUp -->
        <test-method signature="validateSlider()[pri:0, instance:com.naveenautomationlabs.AutomationFramework.Tests.YourStoreTest@593aaf41]" started-at="2023-07-15T17:47:52 EDT" name="validateSlider" finished-at="2023-07-15T17:48:08 EDT" duration-ms="16562" status="PASS">
          <reporter-output>
          </reporter-output>
        </test-method> <!-- validateSlider -->
        <test-method is-config="true" signature="quit()[pri:0, instance:com.naveenautomationlabs.AutomationFramework.Tests.YourStoreTest@593aaf41]" started-at="2023-07-15T17:48:08 EDT" name="quit" finished-at="2023-07-15T17:48:09 EDT" duration-ms="370" status="PASS">
          <reporter-output>
          </reporter-output>
        </test-method> <!-- quit -->
      </class> <!-- com.naveenautomationlabs.AutomationFramework.Tests.YourStoreTest -->
      <class name="com.naveenautomationlabs.AutomationFramework.Tests.YourOrderHasBeenPlacedTest">
        <test-method is-config="true" signature="setUpLogger()[pri:0, instance:com.naveenautomationlabs.AutomationFramework.Tests.YourOrderHasBeenPlacedTest@1b2abca6]" started-at="2023-07-15T17:45:07 EDT" name="setUpLogger" finished-at="2023-07-15T17:45:07 EDT" duration-ms="44" status="PASS">
          <reporter-output>
          </reporter-output>
        </test-method> <!-- setUpLogger -->
        <test-method is-config="true" signature="setup()[pri:0, instance:com.naveenautomationlabs.AutomationFramework.Tests.YourOrderHasBeenPlacedTest@1b2abca6]" started-at="2023-07-15T17:45:07 EDT" name="setup" finished-at="2023-07-15T17:45:14 EDT" duration-ms="6323" status="PASS">
          <reporter-output>
          </reporter-output>
        </test-method> <!-- setup -->
        <test-method retried="true" signature="vaildateOrderHasBeenPlaced()[pri:0, instance:com.naveenautomationlabs.AutomationFramework.Tests.YourOrderHasBeenPlacedTest@1b2abca6]" started-at="2023-07-15T17:45:14 EDT" name="vaildateOrderHasBeenPlaced" finished-at="2023-07-15T17:45:37 EDT" duration-ms="23641" status="SKIP">
          <exception class="org.openqa.selenium.TimeoutException">
            <message>
              <![CDATA[Expected condition failed: waiting for alert to be present (tried for 15 second(s) with 500 milliseconds interval)
Build info: version: '3.141.59', revision: 'e82be7d358', time: '2018-11-14T08:17:03'
System info: host: 'DESKTOP-0J9H01F', ip: '10.0.0.3', os.name: 'Windows 11', os.arch: 'amd64', os.version: '10.0', java.version: '11.0.16'
Driver info: org.openqa.selenium.support.events.EventFiringWebDriver
Capabilities {acceptInsecureCerts: false, browserName: chrome, browserVersion: 114.0.5735.199, chrome: {chromedriverVersion: 114.0.5735.90 (386bc09e8f4f..., userDataDir: C:\Users\me\AppData\Local\T...}, goog:chromeOptions: {debuggerAddress: localhost:56242}, javascriptEnabled: true, networkConnectionEnabled: false, pageLoadStrategy: normal, platform: WINDOWS, platformName: WINDOWS, proxy: Proxy(), setWindowRect: true, strictFileInteractability: false, timeouts: {implicit: 0, pageLoad: 300000, script: 30000}, unhandledPromptBehavior: dismiss and notify, webauthn:extension:credBlob: true, webauthn:extension:largeBlob: true, webauthn:extension:minPinLength: true, webauthn:extension:prf: true, webauthn:virtualAuthenticators: true}
Session ID: 26754589c40634b46c07e38fef8711ed]]>
            </message>
            <full-stacktrace>
              <![CDATA[org.openqa.selenium.TimeoutException: Expected condition failed: waiting for alert to be present (tried for 15 second(s) with 500 milliseconds interval)
Build info: version: '3.141.59', revision: 'e82be7d358', time: '2018-11-14T08:17:03'
System info: host: 'DESKTOP-0J9H01F', ip: '10.0.0.3', os.name: 'Windows 11', os.arch: 'amd64', os.version: '10.0', java.version: '11.0.16'
Driver info: org.openqa.selenium.support.events.EventFiringWebDriver
Capabilities {acceptInsecureCerts: false, browserName: chrome, browserVersion: 114.0.5735.199, chrome: {chromedriverVersion: 114.0.5735.90 (386bc09e8f4f..., userDataDir: C:\Users\me\AppData\Local\T...}, goog:chromeOptions: {debuggerAddress: localhost:56242}, javascriptEnabled: true, networkConnectionEnabled: false, pageLoadStrategy: normal, platform: WINDOWS, platformName: WINDOWS, proxy: Proxy(), setWindowRect: true, strictFileInteractability: false, timeouts: {implicit: 0, pageLoad: 300000, script: 30000}, unhandledPromptBehavior: dismiss and notify, webauthn:extension:credBlob: true, webauthn:extension:largeBlob: true, webauthn:extension:minPinLength: true, webauthn:extension:prf: true, webauthn:virtualAuthenticators: true}
Session ID: 26754589c40634b46c07e38fef8711ed
at org.openqa.selenium.support.ui.WebDriverWait.timeoutException(WebDriverWait.java:95)
at org.openqa.selenium.support.ui.FluentWait.until(FluentWait.java:272)
at com.naveenautomationlabs.AutomationFramework.Pages.AppleCinema30.clickUploadFileBtn(AppleCinema30.java:87)
at com.naveenautomationlabs.AutomationFramework.Pages.AppleCinema30.addItemToShoppingCart(AppleCinema30.java:119)
at com.naveenautomationlabs.AutomationFramework.Tests.YourOrderHasBeenPlacedTest.vaildateOrderHasBeenPlaced(YourOrderHasBeenPlacedTest.java:40)
at java.base/jdk.internal.reflect.NativeMethodAccessorImpl.invoke0(Native Method)
at java.base/jdk.internal.reflect.NativeMethodAccessorImpl.invoke(NativeMethodAccessorImpl.java:62)
at java.base/jdk.internal.reflect.DelegatingMethodAccessorImpl.invoke(DelegatingMethodAccessorImpl.java:43)
at java.base/java.lang.reflect.Method.invoke(Method.java:566)
at org.testng.internal.MethodInvocationHelper.invokeMethod(MethodInvocationHelper.java:133)
at org.testng.internal.TestInvoker.invokeMethod(TestInvoker.java:598)
at org.testng.internal.TestInvoker.invokeTestMethod(TestInvoker.java:173)
at org.testng.internal.MethodRunner.runInSequence(MethodRunner.java:46)
at org.testng.internal.TestInvoker$MethodInvocationAgent.invoke(TestInvoker.java:824)
at org.testng.internal.TestInvoker.invokeTestMethods(TestInvoker.java:146)
at org.testng.internal.TestMethodWorker.invokeTestMethods(TestMethodWorker.java:146)
at org.testng.internal.TestMethodWorker.run(TestMethodWorker.java:128)
at java.base/java.util.ArrayList.forEach(ArrayList.java:1541)
at org.testng.TestRunner.privateRun(TestRunner.java:794)
at org.testng.TestRunner.run(TestRunner.java:596)
at org.testng.SuiteRunner.runTest(SuiteRunner.java:377)
at org.testng.SuiteRunner.runSequentially(SuiteRunner.java:371)
at org.testng.SuiteRunner.privateRun(SuiteRunner.java:332)
at org.testng.SuiteRunner.run(SuiteRunner.java:276)
at org.testng.SuiteRunnerWorker.runSuite(SuiteRunnerWorker.java:53)
at org.testng.SuiteRunnerWorker.run(SuiteRunnerWorker.java:96)
at org.testng.TestNG.runSuitesSequentially(TestNG.java:1212)
at org.testng.TestNG.runSuitesLocally(TestNG.java:1134)
at org.testng.TestNG.runSuites(TestNG.java:1063)
at org.testng.TestNG.run(TestNG.java:1031)
at org.testng.remote.AbstractRemoteTestNG.run(AbstractRemoteTestNG.java:115)
at org.testng.remote.RemoteTestNG.initAndRun(RemoteTestNG.java:251)
at org.testng.remote.RemoteTestNG.main(RemoteTestNG.java:77)
]]>
            </full-stacktrace>
          </exception> <!-- org.openqa.selenium.TimeoutException -->
          <reporter-output>
          </reporter-output>
        </test-method> <!-- vaildateOrderHasBeenPlaced -->
        <test-method is-config="true" signature="quit()[pri:0, instance:com.naveenautomationlabs.AutomationFramework.Tests.YourOrderHasBeenPlacedTest@1b2abca6]" started-at="2023-07-15T17:45:37 EDT" name="quit" finished-at="2023-07-15T17:45:38 EDT" duration-ms="501" status="PASS">
          <reporter-output>
          </reporter-output>
        </test-method> <!-- quit -->
        <test-method is-config="true" signature="setup()[pri:0, instance:com.naveenautomationlabs.AutomationFramework.Tests.YourOrderHasBeenPlacedTest@1b2abca6]" started-at="2023-07-15T17:45:38 EDT" name="setup" finished-at="2023-07-15T17:45:43 EDT" duration-ms="5110" status="PASS">
          <reporter-output>
          </reporter-output>
        </test-method> <!-- setup -->
        <test-method signature="vaildateOrderHasBeenPlaced()[pri:0, instance:com.naveenautomationlabs.AutomationFramework.Tests.YourOrderHasBeenPlacedTest@1b2abca6]" started-at="2023-07-15T17:45:43 EDT" name="vaildateOrderHasBeenPlaced" finished-at="2023-07-15T17:46:06 EDT" duration-ms="22538" status="FAIL">
          <exception class="org.openqa.selenium.TimeoutException">
            <message>
              <![CDATA[Expected condition failed: waiting for alert to be present (tried for 15 second(s) with 500 milliseconds interval)
Build info: version: '3.141.59', revision: 'e82be7d358', time: '2018-11-14T08:17:03'
System info: host: 'DESKTOP-0J9H01F', ip: '10.0.0.3', os.name: 'Windows 11', os.arch: 'amd64', os.version: '10.0', java.version: '11.0.16'
Driver info: org.openqa.selenium.support.events.EventFiringWebDriver
Capabilities {acceptInsecureCerts: false, browserName: chrome, browserVersion: 114.0.5735.199, chrome: {chromedriverVersion: 114.0.5735.90 (386bc09e8f4f..., userDataDir: C:\Users\me\AppData\Local\T...}, goog:chromeOptions: {debuggerAddress: localhost:56287}, javascriptEnabled: true, networkConnectionEnabled: false, pageLoadStrategy: normal, platform: WINDOWS, platformName: WINDOWS, proxy: Proxy(), setWindowRect: true, strictFileInteractability: false, timeouts: {implicit: 0, pageLoad: 300000, script: 30000}, unhandledPromptBehavior: dismiss and notify, webauthn:extension:credBlob: true, webauthn:extension:largeBlob: true, webauthn:extension:minPinLength: true, webauthn:extension:prf: true, webauthn:virtualAuthenticators: true}
Session ID: 348322447f2ddcac24e752d820bd91b8]]>
            </message>
            <full-stacktrace>
              <![CDATA[org.openqa.selenium.TimeoutException: Expected condition failed: waiting for alert to be present (tried for 15 second(s) with 500 milliseconds interval)
Build info: version: '3.141.59', revision: 'e82be7d358', time: '2018-11-14T08:17:03'
System info: host: 'DESKTOP-0J9H01F', ip: '10.0.0.3', os.name: 'Windows 11', os.arch: 'amd64', os.version: '10.0', java.version: '11.0.16'
Driver info: org.openqa.selenium.support.events.EventFiringWebDriver
Capabilities {acceptInsecureCerts: false, browserName: chrome, browserVersion: 114.0.5735.199, chrome: {chromedriverVersion: 114.0.5735.90 (386bc09e8f4f..., userDataDir: C:\Users\me\AppData\Local\T...}, goog:chromeOptions: {debuggerAddress: localhost:56287}, javascriptEnabled: true, networkConnectionEnabled: false, pageLoadStrategy: normal, platform: WINDOWS, platformName: WINDOWS, proxy: Proxy(), setWindowRect: true, strictFileInteractability: false, timeouts: {implicit: 0, pageLoad: 300000, script: 30000}, unhandledPromptBehavior: dismiss and notify, webauthn:extension:credBlob: true, webauthn:extension:largeBlob: true, webauthn:extension:minPinLength: true, webauthn:extension:prf: true, webauthn:virtualAuthenticators: true}
Session ID: 348322447f2ddcac24e752d820bd91b8
at org.openqa.selenium.support.ui.WebDriverWait.timeoutException(WebDriverWait.java:95)
at org.openqa.selenium.support.ui.FluentWait.until(FluentWait.java:272)
at com.naveenautomationlabs.AutomationFramework.Pages.AppleCinema30.clickUploadFileBtn(AppleCinema30.java:87)
at com.naveenautomationlabs.AutomationFramework.Pages.AppleCinema30.addItemToShoppingCart(AppleCinema30.java:119)
at com.naveenautomationlabs.AutomationFramework.Tests.YourOrderHasBeenPlacedTest.vaildateOrderHasBeenPlaced(YourOrderHasBeenPlacedTest.java:40)
at java.base/jdk.internal.reflect.NativeMethodAccessorImpl.invoke0(Native Method)
at java.base/jdk.internal.reflect.NativeMethodAccessorImpl.invoke(NativeMethodAccessorImpl.java:62)
at java.base/jdk.internal.reflect.DelegatingMethodAccessorImpl.invoke(DelegatingMethodAccessorImpl.java:43)
at java.base/java.lang.reflect.Method.invoke(Method.java:566)
at org.testng.internal.MethodInvocationHelper.invokeMethod(MethodInvocationHelper.java:133)
at org.testng.internal.TestInvoker.invokeMethod(TestInvoker.java:598)
at org.testng.internal.TestInvoker.retryFailed(TestInvoker.java:213)
at org.testng.internal.MethodRunner.runInSequence(MethodRunner.java:58)
at org.testng.internal.TestInvoker$MethodInvocationAgent.invoke(TestInvoker.java:824)
at org.testng.internal.TestInvoker.invokeTestMethods(TestInvoker.java:146)
at org.testng.internal.TestMethodWorker.invokeTestMethods(TestMethodWorker.java:146)
at org.testng.internal.TestMethodWorker.run(TestMethodWorker.java:128)
at java.base/java.util.ArrayList.forEach(ArrayList.java:1541)
at org.testng.TestRunner.privateRun(TestRunner.java:794)
at org.testng.TestRunner.run(TestRunner.java:596)
at org.testng.SuiteRunner.runTest(SuiteRunner.java:377)
at org.testng.SuiteRunner.runSequentially(SuiteRunner.java:371)
at org.testng.SuiteRunner.privateRun(SuiteRunner.java:332)
at org.testng.SuiteRunner.run(SuiteRunner.java:276)
at org.testng.SuiteRunnerWorker.runSuite(SuiteRunnerWorker.java:53)
at org.testng.SuiteRunnerWorker.run(SuiteRunnerWorker.java:96)
at org.testng.TestNG.runSuitesSequentially(TestNG.java:1212)
at org.testng.TestNG.runSuitesLocally(TestNG.java:1134)
at org.testng.TestNG.runSuites(TestNG.java:1063)
at org.testng.TestNG.run(TestNG.java:1031)
at org.testng.remote.AbstractRemoteTestNG.run(AbstractRemoteTestNG.java:115)
at org.testng.remote.RemoteTestNG.initAndRun(RemoteTestNG.java:251)
at org.testng.remote.RemoteTestNG.main(RemoteTestNG.java:77)
]]>
            </full-stacktrace>
          </exception> <!-- org.openqa.selenium.TimeoutException -->
          <reporter-output>
          </reporter-output>
        </test-method> <!-- vaildateOrderHasBeenPlaced -->
        <test-method is-config="true" signature="quit()[pri:0, instance:com.naveenautomationlabs.AutomationFramework.Tests.YourOrderHasBeenPlacedTest@1b2abca6]" started-at="2023-07-15T17:46:06 EDT" name="quit" finished-at="2023-07-15T17:46:06 EDT" duration-ms="416" status="PASS">
          <reporter-output>
          </reporter-output>
        </test-method> <!-- quit -->
      </class> <!-- com.naveenautomationlabs.AutomationFramework.Tests.YourOrderHasBeenPlacedTest -->
      <class name="com.naveenautomationlabs.AutomationFramework.Tests.MyAccountTest">
        <test-method is-config="true" signature="setUpLogger()[pri:0, instance:com.naveenautomationlabs.AutomationFramework.Tests.MyAccountTest@5b03b9fe]" started-at="2023-07-15T17:48:31 EDT" name="setUpLogger" finished-at="2023-07-15T17:48:31 EDT" duration-ms="9" status="PASS">
          <reporter-output>
          </reporter-output>
        </test-method> <!-- setUpLogger -->
        <test-method is-config="true" signature="setUp()[pri:0, instance:com.naveenautomationlabs.AutomationFramework.Tests.MyAccountTest@5b03b9fe]" started-at="2023-07-15T17:48:31 EDT" name="setUp" finished-at="2023-07-15T17:48:36 EDT" duration-ms="5218" status="PASS">
          <reporter-output>
          </reporter-output>
        </test-method> <!-- setUp -->
        <test-method signature="validateSideNavigationMenu()[pri:0, instance:com.naveenautomationlabs.AutomationFramework.Tests.MyAccountTest@5b03b9fe]" started-at="2023-07-15T17:48:36 EDT" name="validateSideNavigationMenu" finished-at="2023-07-15T17:48:41 EDT" duration-ms="5037" status="PASS">
          <reporter-output>
          </reporter-output>
        </test-method> <!-- validateSideNavigationMenu -->
        <test-method is-config="true" signature="quit()[pri:0, instance:com.naveenautomationlabs.AutomationFramework.Tests.MyAccountTest@5b03b9fe]" started-at="2023-07-15T17:48:41 EDT" name="quit" finished-at="2023-07-15T17:48:41 EDT" duration-ms="331" status="PASS">
          <reporter-output>
          </reporter-output>
        </test-method> <!-- quit -->
      </class> <!-- com.naveenautomationlabs.AutomationFramework.Tests.MyAccountTest -->
    </test> <!-- Test -->
  </suite> <!-- Suite -->
</testng-results>
